{"message":"Something failed during startup.....","stack":"Error: Something failed during startup.....\n    at Object.<anonymous> (C:\\Users\\OB1KENOBI\\vidly\\app.js:36:7)\n    at Module._compile (module.js:653:30)\n    at Object.Module._extensions..js (module.js:664:10)\n    at Module.load (module.js:566:32)\n    at tryModuleLoad (module.js:506:12)\n    at Function.Module._load (module.js:498:3)\n    at Function.Module.runMain (module.js:694:10)\n    at startup (bootstrap_node.js:204:16)\n    at bootstrap_node.js:625:3","level":"error","timestamp":"2020-09-03T12:25:13.539Z"}
{"message":"Something failed completely....","stack":"Error: Something failed completely....\n    at Object.<anonymous> (C:\\Users\\OB1KENOBI\\vidly\\app.js:41:26)\n    at Module._compile (module.js:653:30)\n    at Object.Module._extensions..js (module.js:664:10)\n    at Module.load (module.js:566:32)\n    at tryModuleLoad (module.js:506:12)\n    at Function.Module._load (module.js:498:3)\n    at Function.Module.runMain (module.js:694:10)\n    at startup (bootstrap_node.js:204:16)\n    at bootstrap_node.js:625:3","level":"error","timestamp":"2020-09-03T12:48:44.757Z"}
{"level":"info","message":"DB connections established....!!!","timestamp":"2020-09-04T09:47:27.958Z"}
{"level":"info","message":"DB connections established....!!!","timestamp":"2020-09-04T09:47:33.196Z"}
{"level":"info","message":"DB connections established....!!!","timestamp":"2020-09-04T09:54:13.329Z"}
{"level":"info","message":"DB connections established....!!!","timestamp":"2020-09-04T09:55:17.632Z"}
{"level":"info","message":"DB connections established....!!!","timestamp":"2020-09-04T09:57:40.332Z"}
{"level":"info","message":"DB connections established....!!!","timestamp":"2020-09-04T09:59:20.134Z"}
{"level":"info","message":"DB connections established....!!!","timestamp":"2020-09-04T09:59:30.719Z"}
{"level":"info","message":"DB connections established....!!!","timestamp":"2020-09-04T09:59:51.763Z"}
{"level":"info","message":"DB connections established....!!!","timestamp":"2020-09-04T10:04:22.948Z"}
{"level":"info","message":"DB connections established....!!!","timestamp":"2020-09-04T10:04:43.737Z"}
{"level":"info","message":"DB connections established....!!!","timestamp":"2020-09-04T10:05:39.379Z"}
{"level":"info","message":"DB connections established....!!!","timestamp":"2020-09-04T10:06:14.179Z"}
{"level":"info","message":"DB connections established....!!!","timestamp":"2020-09-04T10:06:26.957Z"}
{"level":"info","message":"DB connections established....!!!","timestamp":"2020-09-04T10:06:29.458Z"}
{"level":"info","message":"DB connections established....!!!","timestamp":"2020-09-04T10:06:55.737Z"}
{"level":"info","message":"DB connections established....!!!","timestamp":"2020-09-04T10:08:03.333Z"}
{"level":"info","message":"DB connections established....!!!","timestamp":"2020-09-04T10:08:13.574Z"}
{"level":"info","message":"DB connections established....!!!","timestamp":"2020-09-04T10:09:26.177Z"}
{"level":"info","message":"DB connections established....!!!","timestamp":"2020-09-04T10:11:32.676Z"}
{"level":"info","message":"DB connections established....!!!","timestamp":"2020-09-04T10:12:42.687Z"}
{"level":"info","message":"DB connections established....!!!","timestamp":"2020-09-04T10:14:35.345Z"}
{"level":"info","message":"DB connections established....!!!","timestamp":"2020-09-04T10:14:48.053Z"}
{"level":"info","message":"DB connections established....!!!","timestamp":"2020-09-04T10:16:10.906Z"}
{"level":"info","message":"DB connections established....!!!","timestamp":"2020-09-04T10:16:26.204Z"}
{"level":"info","message":"DB connections established....!!!","timestamp":"2020-09-04T10:17:06.502Z"}
{"level":"info","message":"DB connections established....!!!","timestamp":"2020-09-04T10:19:15.559Z"}
{"level":"info","message":"Listening on port ...... 3000","timestamp":"2020-09-04T10:19:33.532Z"}
{"level":"info","message":"DB connections established....!!!","timestamp":"2020-09-04T10:19:33.613Z"}
{"level":"info","message":"Listening on port ...... 3000","timestamp":"2020-09-04T10:25:13.789Z"}
{"level":"info","message":"DB connections established....!!!","timestamp":"2020-09-04T10:25:13.892Z"}
{"level":"info","message":"Listening on port ...... 3000","timestamp":"2020-09-04T10:27:40.125Z"}
{"level":"info","message":"DB connections established....!!!","timestamp":"2020-09-04T10:27:40.233Z"}
{"level":"info","message":"Listening on port ...... 3000","timestamp":"2020-09-04T23:40:24.427Z"}
{"level":"info","message":"DB connections established....!!!","timestamp":"2020-09-04T23:40:24.705Z"}
{"level":"info","message":"Listening on port ...... 3000","timestamp":"2020-09-04T23:40:59.987Z"}
{"level":"info","message":"DB connections established....!!!","timestamp":"2020-09-04T23:41:00.119Z"}
{"level":"info","message":"Listening on port ...... 3000","timestamp":"2020-09-10T10:08:34.687Z"}
{"level":"info","message":"Connected to mongodb://localhost/vidly","timestamp":"2020-09-10T10:08:34.807Z"}
{"level":"info","message":"Listening on port ...... 3000","timestamp":"2020-09-10T10:11:22.885Z"}
{"level":"info","message":"Listening on port ...... 3000","timestamp":"2020-09-10T10:11:53.446Z"}
{"level":"info","message":"Connected to mongodb://localhost/vidly","timestamp":"2020-09-10T10:11:53.614Z"}
{"level":"info","message":"Listening on port ...... 3000","timestamp":"2020-09-10T10:14:31.933Z"}
{"level":"info","message":"Connected to mongodb://localhost/vidly","timestamp":"2020-09-10T10:14:32.088Z"}
{"level":"info","message":"Listening on port ...... 3000","timestamp":"2020-09-10T10:16:11.131Z"}
{"level":"info","message":"Connected to mongodb://localhost/vidly","timestamp":"2020-09-10T10:16:11.215Z"}
{"level":"info","message":"Listening on port ...... 3000","timestamp":"2020-09-10T10:17:42.711Z"}
{"level":"info","message":"Connected to mongodb://localhost/vidly","timestamp":"2020-09-10T10:17:42.840Z"}
{"level":"info","message":"Listening on port ...... 3000","timestamp":"2020-09-10T10:18:35.160Z"}
{"level":"info","message":"Connected to mongodb://localhost/vidly","timestamp":"2020-09-10T10:18:35.294Z"}
{"level":"info","message":"Listening on port ...... 3000","timestamp":"2020-09-10T10:29:24.523Z"}
{"level":"info","message":"Connected to mongodb://localhost/vidly","timestamp":"2020-09-10T10:29:24.683Z"}
{"level":"info","message":"Listening on port ...... 3000","timestamp":"2020-09-10T10:37:33.744Z"}
{"level":"info","message":"Connected to mongodb://localhost/vidly","timestamp":"2020-09-10T10:37:33.884Z"}
{"level":"info","message":"Listening on port ...... 3000","timestamp":"2020-09-10T10:45:56.169Z"}
{"level":"info","message":"Connected to mongodb://localhost/vidly","timestamp":"2020-09-10T10:45:56.282Z"}
{"level":"info","message":"Listening on port ...... 3000","timestamp":"2020-09-10T10:50:17.580Z"}
{"level":"info","message":"Connected to mongodb://localhost/vidly","timestamp":"2020-09-10T10:50:17.722Z"}
{"level":"info","message":"Listening on port ...... 3000","timestamp":"2020-09-10T11:06:24.292Z"}
{"level":"info","message":"Connected to mongodb://localhost/vidly_tests","timestamp":"2020-09-10T11:06:24.419Z"}
{"level":"info","message":"Listening on port ...... 3000","timestamp":"2020-09-10T12:41:08.417Z"}
{"level":"info","message":"Connected to mongodb://localhost/vidly_tests","timestamp":"2020-09-10T12:41:08.722Z"}
{"level":"info","message":"Listening on port ...... 3000","timestamp":"2020-09-10T12:46:47.225Z"}
{"level":"info","message":"Connected to mongodb://localhost/vidly","timestamp":"2020-09-10T12:46:47.292Z"}
{"level":"info","message":"Listening on port ...... 3000","timestamp":"2020-09-10T12:48:14.972Z"}
{"level":"info","message":"Connected to mongodb://localhost/vidly","timestamp":"2020-09-10T12:48:15.076Z"}
{"level":"info","message":"Listening on port ...... 3000","timestamp":"2020-09-10T12:52:54.333Z"}
{"level":"info","message":"Connected to mongodb://localhost/vidly","timestamp":"2020-09-10T12:52:54.474Z"}
{"level":"info","message":"Listening on port ...... 3000","timestamp":"2020-09-10T12:54:22.101Z"}
{"level":"info","message":"Connected to mongodb://localhost/vidly","timestamp":"2020-09-10T12:54:22.218Z"}
{"level":"info","message":"Listening on port ...... 3000","timestamp":"2020-09-10T12:57:35.133Z"}
{"level":"info","message":"Connected to mongodb://localhost/vidly","timestamp":"2020-09-10T12:57:35.418Z"}
{"level":"info","message":"Listening on port ...... 3000","timestamp":"2020-09-10T12:57:50.814Z"}
{"level":"info","message":"Connected to mongodb://localhost/vidly","timestamp":"2020-09-10T12:57:50.835Z"}
{"level":"info","message":"Listening on port ...... 3000","timestamp":"2020-09-11T05:17:21.611Z"}
{"level":"info","message":"Connected to mongodb://localhost/vidly","timestamp":"2020-09-11T05:17:22.287Z"}
{"level":"info","message":"Listening on port ...... 3000","timestamp":"2020-09-11T05:20:39.681Z"}
{"level":"info","message":"Connected to mongodb://localhost/vidly","timestamp":"2020-09-11T05:20:40.114Z"}
{"level":"info","message":"Listening on port ...... 3000","timestamp":"2020-09-11T05:22:10.376Z"}
{"level":"info","message":"Connected to mongodb://localhost/vidly","timestamp":"2020-09-11T05:22:10.556Z"}
{"level":"info","message":"Listening on port ...... 3000","timestamp":"2020-09-11T05:25:21.801Z"}
{"level":"info","message":"Connected to mongodb://localhost/vidly","timestamp":"2020-09-11T05:25:21.959Z"}
{"level":"info","message":"Listening on port ...... 3000","timestamp":"2020-09-11T05:26:47.437Z"}
{"level":"info","message":"Connected to mongodb://localhost/vidly","timestamp":"2020-09-11T05:26:48.309Z"}
{"level":"info","message":"Listening on port ...... 3000","timestamp":"2020-09-11T05:34:07.259Z"}
{"level":"info","message":"Connected to mongodb://localhost/vidly","timestamp":"2020-09-11T05:34:08.095Z"}
{"level":"info","message":"Listening on port ...... 3000","timestamp":"2020-09-11T05:38:33.756Z"}
{"level":"info","message":"Connected to mongodb://localhost/vidly_tests","timestamp":"2020-09-11T05:38:33.971Z"}
{"level":"info","message":"Listening on port ...... 3000","timestamp":"2020-09-11T05:42:38.865Z"}
{"level":"info","message":"Connected to mongodb://localhost/vidly_tests","timestamp":"2020-09-11T05:42:39.439Z"}
{"level":"info","message":"Listening on port ...... 3000","timestamp":"2020-09-11T05:50:15.472Z"}
{"level":"info","message":"Connected to mongodb://localhost/vidly_tests","timestamp":"2020-09-11T05:50:15.627Z"}
{"level":"info","message":"Listening on port ...... 3000","timestamp":"2020-09-11T05:52:05.413Z"}
{"level":"info","message":"Connected to mongodb://localhost/vidly_tests","timestamp":"2020-09-11T05:52:05.548Z"}
{"level":"info","message":"Listening on port ...... 3000","timestamp":"2020-09-11T05:52:51.078Z"}
{"level":"info","message":"Connected to mongodb://localhost/vidly_tests","timestamp":"2020-09-11T05:52:51.154Z"}
{"level":"info","message":"Listening on port ...... 3000","timestamp":"2020-09-11T08:36:46.743Z"}
{"level":"info","message":"Connected to mongodb://localhost/vidly_tests","timestamp":"2020-09-11T08:36:47.440Z"}
{"level":"info","message":"Listening on port ...... 3000","timestamp":"2020-09-11T08:40:15.258Z"}
{"level":"info","message":"Connected to mongodb://localhost/vidly_tests","timestamp":"2020-09-11T08:40:15.532Z"}
{"level":"info","message":"Listening on port ...... 3000","timestamp":"2020-09-11T08:51:42.121Z"}
{"level":"info","message":"Connected to mongodb://localhost/vidly_tests","timestamp":"2020-09-11T08:51:42.621Z"}
{"level":"info","message":"Listening on port ...... 3000","timestamp":"2020-09-11T08:55:06.654Z"}
{"level":"info","message":"Connected to mongodb://localhost/vidly_tests","timestamp":"2020-09-11T08:55:07.303Z"}
{"level":"info","message":"Listening on port ...... 3000","timestamp":"2020-09-11T08:57:25.531Z"}
{"level":"info","message":"Connected to mongodb://localhost/vidly_tests","timestamp":"2020-09-11T08:57:26.365Z"}
{"level":"info","message":"Listening on port ...... 3000","timestamp":"2020-09-11T09:01:18.772Z"}
{"level":"info","message":"Connected to mongodb://localhost/vidly_tests","timestamp":"2020-09-11T09:01:19.861Z"}
{"level":"info","message":"Listening on port ...... 3000","timestamp":"2020-09-11T09:02:56.003Z"}
{"level":"info","message":"Connected to mongodb://localhost/vidly_tests","timestamp":"2020-09-11T09:02:56.422Z"}
{"level":"info","message":"Listening on port ...... 3000","timestamp":"2020-09-11T09:06:26.415Z"}
{"level":"info","message":"Connected to mongodb://localhost/vidly_tests","timestamp":"2020-09-11T09:06:26.591Z"}
{"level":"info","message":"Listening on port ...... 3000","timestamp":"2020-09-11T09:12:03.393Z"}
{"level":"info","message":"Connected to mongodb://localhost/vidly_tests","timestamp":"2020-09-11T09:12:04.189Z"}
{"level":"info","message":"Listening on port ...... 3000","timestamp":"2020-09-11T09:14:46.230Z"}
{"level":"info","message":"Connected to mongodb://localhost/vidly_tests","timestamp":"2020-09-11T09:14:46.289Z"}
{"message":"Cast to ObjectId failed for value \"1\" at path \"_id\" for model \"Genre\"","stack":"CastError: Cast to ObjectId failed for value \"1\" at path \"_id\" for model \"Genre\"\n    at model.Query.exec (C:\\Users\\OB1KENOBI\\vidly\\node_modules\\mongoose\\lib\\query.js:4368:21)\n    at model.Query.Object.<anonymous>.Query.then (C:\\Users\\OB1KENOBI\\vidly\\node_modules\\mongoose\\lib\\query.js:4460:15)","stringValue":"\"1\"","kind":"ObjectId","value":"1","path":"_id","reason":{},"level":"error","timestamp":"2020-09-11T09:14:46.594Z"}
{"level":"info","message":"Listening on port ...... 3000","timestamp":"2020-09-11T09:17:44.103Z"}
{"level":"info","message":"Connected to mongodb://localhost/vidly_tests","timestamp":"2020-09-11T09:17:44.275Z"}
{"message":"Cast to ObjectId failed for value \"1\" at path \"_id\" for model \"Genre\"","stack":"CastError: Cast to ObjectId failed for value \"1\" at path \"_id\" for model \"Genre\"\n    at model.Query.exec (C:\\Users\\OB1KENOBI\\vidly\\node_modules\\mongoose\\lib\\query.js:4368:21)\n    at model.Query.Object.<anonymous>.Query.then (C:\\Users\\OB1KENOBI\\vidly\\node_modules\\mongoose\\lib\\query.js:4460:15)","stringValue":"\"1\"","kind":"ObjectId","value":"1","path":"_id","reason":{},"level":"error","timestamp":"2020-09-11T09:17:44.776Z"}
{"level":"info","message":"Listening on port ...... 3000","timestamp":"2020-09-11T09:22:15.184Z"}
{"level":"info","message":"Connected to mongodb://localhost/vidly_tests","timestamp":"2020-09-11T09:22:15.792Z"}
{"message":"Cast to ObjectId failed for value \"1\" at path \"_id\" for model \"Genre\"","stack":"CastError: Cast to ObjectId failed for value \"1\" at path \"_id\" for model \"Genre\"\n    at model.Query.exec (C:\\Users\\OB1KENOBI\\vidly\\node_modules\\mongoose\\lib\\query.js:4368:21)\n    at model.Query.Object.<anonymous>.Query.then (C:\\Users\\OB1KENOBI\\vidly\\node_modules\\mongoose\\lib\\query.js:4460:15)\n    at process._tickCallback (internal/process/next_tick.js:189:7)","stringValue":"\"1\"","kind":"ObjectId","value":"1","path":"_id","reason":{},"level":"error","timestamp":"2020-09-11T09:22:16.163Z"}
{"level":"info","message":"Listening on port ...... 3000","timestamp":"2020-09-11T09:30:23.345Z"}
{"level":"info","message":"Connected to mongodb://localhost/vidly_tests","timestamp":"2020-09-11T09:30:23.931Z"}
{"message":"Cast to ObjectId failed for value \"1\" at path \"_id\" for model \"Genre\"","stack":"CastError: Cast to ObjectId failed for value \"1\" at path \"_id\" for model \"Genre\"\n    at model.Query.exec (C:\\Users\\OB1KENOBI\\vidly\\node_modules\\mongoose\\lib\\query.js:4368:21)\n    at model.Query.Object.<anonymous>.Query.then (C:\\Users\\OB1KENOBI\\vidly\\node_modules\\mongoose\\lib\\query.js:4460:15)\n    at process._tickCallback (internal/process/next_tick.js:189:7)","stringValue":"\"1\"","kind":"ObjectId","value":"1","path":"_id","reason":{},"level":"error","timestamp":"2020-09-11T09:30:24.535Z"}
{"level":"info","message":"Listening on port ...... 3000","timestamp":"2020-09-11T09:31:50.450Z"}
{"level":"info","message":"Connected to mongodb://localhost/vidly_tests","timestamp":"2020-09-11T09:31:51.073Z"}
{"message":"Cast to ObjectId failed for value \"1\" at path \"_id\" for model \"Genre\"","stack":"CastError: Cast to ObjectId failed for value \"1\" at path \"_id\" for model \"Genre\"\n    at model.Query.exec (C:\\Users\\OB1KENOBI\\vidly\\node_modules\\mongoose\\lib\\query.js:4368:21)\n    at model.Query.Object.<anonymous>.Query.then (C:\\Users\\OB1KENOBI\\vidly\\node_modules\\mongoose\\lib\\query.js:4460:15)","stringValue":"\"1\"","kind":"ObjectId","value":"1","path":"_id","reason":{},"level":"error","timestamp":"2020-09-11T09:31:51.338Z"}
{"level":"info","message":"Listening on port ...... 3000","timestamp":"2020-09-11T09:35:38.297Z"}
{"level":"info","message":"Connected to mongodb://localhost/vidly_tests","timestamp":"2020-09-11T09:35:38.427Z"}
{"message":"Cast to ObjectId failed for value \"1\" at path \"_id\" for model \"Genre\"","stack":"CastError: Cast to ObjectId failed for value \"1\" at path \"_id\" for model \"Genre\"\n    at model.Query.exec (C:\\Users\\OB1KENOBI\\vidly\\node_modules\\mongoose\\lib\\query.js:4368:21)\n    at model.Query.Object.<anonymous>.Query.then (C:\\Users\\OB1KENOBI\\vidly\\node_modules\\mongoose\\lib\\query.js:4460:15)","stringValue":"\"1\"","kind":"ObjectId","value":"1","path":"_id","reason":{},"level":"error","timestamp":"2020-09-11T09:35:39.062Z"}
{"level":"info","message":"Listening on port ...... 3000","timestamp":"2020-09-11T09:38:32.595Z"}
{"level":"info","message":"Connected to mongodb://localhost/vidly_tests","timestamp":"2020-09-11T09:38:33.290Z"}
{"message":"Cast to ObjectId failed for value \"1\" at path \"_id\" for model \"Genre\"","stack":"CastError: Cast to ObjectId failed for value \"1\" at path \"_id\" for model \"Genre\"\n    at model.Query.exec (C:\\Users\\OB1KENOBI\\vidly\\node_modules\\mongoose\\lib\\query.js:4368:21)\n    at model.Query.Object.<anonymous>.Query.then (C:\\Users\\OB1KENOBI\\vidly\\node_modules\\mongoose\\lib\\query.js:4460:15)\n    at process._tickCallback (internal/process/next_tick.js:189:7)","stringValue":"\"1\"","kind":"ObjectId","value":"1","path":"_id","reason":{},"level":"error","timestamp":"2020-09-11T09:38:33.969Z"}
{"level":"info","message":"Listening on port ...... 3000","timestamp":"2020-09-11T10:35:07.285Z"}
{"level":"info","message":"Connected to mongodb://localhost/vidly_tests","timestamp":"2020-09-11T10:35:07.536Z"}
{"message":"Cast to ObjectId failed for value \"1\" at path \"_id\" for model \"Genre\"","stack":"CastError: Cast to ObjectId failed for value \"1\" at path \"_id\" for model \"Genre\"\n    at model.Query.exec (C:\\Users\\OB1KENOBI\\vidly\\node_modules\\mongoose\\lib\\query.js:4368:21)\n    at model.Query.Object.<anonymous>.Query.then (C:\\Users\\OB1KENOBI\\vidly\\node_modules\\mongoose\\lib\\query.js:4460:15)\n    at process._tickCallback (internal/process/next_tick.js:189:7)","stringValue":"\"1\"","kind":"ObjectId","value":"1","path":"_id","reason":{},"level":"error","timestamp":"2020-09-11T10:35:08.196Z"}
{"level":"info","message":"Listening on port ...... 3000","timestamp":"2020-09-11T10:45:06.645Z"}
{"level":"info","message":"Connected to mongodb://localhost/vidly_tests","timestamp":"2020-09-11T10:45:07.240Z"}
{"message":"Cast to ObjectId failed for value \"1\" at path \"_id\" for model \"Genre\"","stack":"CastError: Cast to ObjectId failed for value \"1\" at path \"_id\" for model \"Genre\"\n    at model.Query.exec (C:\\Users\\OB1KENOBI\\vidly\\node_modules\\mongoose\\lib\\query.js:4368:21)\n    at model.Query.Object.<anonymous>.Query.then (C:\\Users\\OB1KENOBI\\vidly\\node_modules\\mongoose\\lib\\query.js:4460:15)\n    at process._tickCallback (internal/process/next_tick.js:189:7)","stringValue":"\"1\"","kind":"ObjectId","value":"1","path":"_id","reason":{},"level":"error","timestamp":"2020-09-11T10:45:07.681Z"}
{"level":"info","message":"Listening on port ...... 3000","timestamp":"2020-09-11T11:30:57.130Z"}
{"level":"info","message":"Connected to mongodb://localhost/vidly_tests","timestamp":"2020-09-11T11:30:57.734Z"}
{"message":"Cast to ObjectId failed for value \"1\" at path \"_id\" for model \"Genre\"","stack":"CastError: Cast to ObjectId failed for value \"1\" at path \"_id\" for model \"Genre\"\n    at model.Query.exec (C:\\Users\\OB1KENOBI\\vidly\\node_modules\\mongoose\\lib\\query.js:4368:21)\n    at model.Query.Object.<anonymous>.Query.then (C:\\Users\\OB1KENOBI\\vidly\\node_modules\\mongoose\\lib\\query.js:4460:15)\n    at process._tickCallback (internal/process/next_tick.js:189:7)","stringValue":"\"1\"","kind":"ObjectId","value":"1","path":"_id","reason":{},"level":"error","timestamp":"2020-09-11T11:30:58.181Z"}
{"level":"info","message":"Listening on port ...... 3000","timestamp":"2020-09-11T11:38:22.945Z"}
{"level":"info","message":"Connected to mongodb://localhost/vidly_tests","timestamp":"2020-09-11T11:38:23.631Z"}
{"message":"Cast to ObjectId failed for value \"1\" at path \"_id\" for model \"Genre\"","stack":"CastError: Cast to ObjectId failed for value \"1\" at path \"_id\" for model \"Genre\"\n    at model.Query.exec (C:\\Users\\OB1KENOBI\\vidly\\node_modules\\mongoose\\lib\\query.js:4368:21)\n    at model.Query.Object.<anonymous>.Query.then (C:\\Users\\OB1KENOBI\\vidly\\node_modules\\mongoose\\lib\\query.js:4460:15)\n    at process._tickCallback (internal/process/next_tick.js:189:7)","stringValue":"\"1\"","kind":"ObjectId","value":"1","path":"_id","reason":{},"level":"error","timestamp":"2020-09-11T11:38:23.993Z"}
{"level":"info","message":"Listening on port ...... 3000","timestamp":"2020-09-11T11:41:59.305Z"}
{"level":"info","message":"Connected to mongodb://localhost/vidly_tests","timestamp":"2020-09-11T11:42:00.123Z"}
{"message":"Cast to ObjectId failed for value \"1\" at path \"_id\" for model \"Genre\"","stack":"CastError: Cast to ObjectId failed for value \"1\" at path \"_id\" for model \"Genre\"\n    at model.Query.exec (C:\\Users\\OB1KENOBI\\vidly\\node_modules\\mongoose\\lib\\query.js:4368:21)\n    at model.Query.Object.<anonymous>.Query.then (C:\\Users\\OB1KENOBI\\vidly\\node_modules\\mongoose\\lib\\query.js:4460:15)\n    at process._tickCallback (internal/process/next_tick.js:189:7)","stringValue":"\"1\"","kind":"ObjectId","value":"1","path":"_id","reason":{},"level":"error","timestamp":"2020-09-11T11:42:00.769Z"}
{"level":"info","message":"Listening on port ...... 3000","timestamp":"2020-09-11T11:47:01.729Z"}
{"level":"info","message":"Connected to mongodb://localhost/vidly_tests","timestamp":"2020-09-11T11:47:01.883Z"}
{"message":"Cast to ObjectId failed for value \"1\" at path \"_id\" for model \"Genre\"","stack":"CastError: Cast to ObjectId failed for value \"1\" at path \"_id\" for model \"Genre\"\n    at model.Query.exec (C:\\Users\\OB1KENOBI\\vidly\\node_modules\\mongoose\\lib\\query.js:4368:21)\n    at model.Query.Object.<anonymous>.Query.then (C:\\Users\\OB1KENOBI\\vidly\\node_modules\\mongoose\\lib\\query.js:4460:15)\n    at process._tickCallback (internal/process/next_tick.js:189:7)","stringValue":"\"1\"","kind":"ObjectId","value":"1","path":"_id","reason":{},"level":"error","timestamp":"2020-09-11T11:47:02.261Z"}
{"level":"info","message":"Listening on port ...... 3000","timestamp":"2020-09-11T11:48:28.661Z"}
{"level":"info","message":"Connected to mongodb://localhost/vidly_tests","timestamp":"2020-09-11T11:48:29.363Z"}
{"message":"Cast to ObjectId failed for value \"1\" at path \"_id\" for model \"Genre\"","stack":"CastError: Cast to ObjectId failed for value \"1\" at path \"_id\" for model \"Genre\"\n    at model.Query.exec (C:\\Users\\OB1KENOBI\\vidly\\node_modules\\mongoose\\lib\\query.js:4368:21)\n    at model.Query.Object.<anonymous>.Query.then (C:\\Users\\OB1KENOBI\\vidly\\node_modules\\mongoose\\lib\\query.js:4460:15)\n    at process._tickCallback (internal/process/next_tick.js:189:7)","stringValue":"\"1\"","kind":"ObjectId","value":"1","path":"_id","reason":{},"level":"error","timestamp":"2020-09-11T11:48:29.718Z"}
{"level":"info","message":"Listening on port ...... 3000","timestamp":"2020-09-11T13:03:49.218Z"}
{"level":"info","message":"Connected to mongodb://localhost/vidly_tests","timestamp":"2020-09-11T13:03:49.348Z"}
{"message":"Cast to ObjectId failed for value \"1\" at path \"_id\" for model \"Genre\"","stack":"CastError: Cast to ObjectId failed for value \"1\" at path \"_id\" for model \"Genre\"\n    at model.Query.exec (C:\\Users\\OB1KENOBI\\vidly\\node_modules\\mongoose\\lib\\query.js:4368:21)\n    at model.Query.Object.<anonymous>.Query.then (C:\\Users\\OB1KENOBI\\vidly\\node_modules\\mongoose\\lib\\query.js:4460:15)\n    at process._tickCallback (internal/process/next_tick.js:189:7)","stringValue":"\"1\"","kind":"ObjectId","value":"1","path":"_id","reason":{},"level":"error","timestamp":"2020-09-11T13:03:49.698Z"}
{"level":"info","message":"Listening on port ...... 3000","timestamp":"2020-09-11T13:06:34.066Z"}
{"level":"info","message":"Connected to mongodb://localhost/vidly_tests","timestamp":"2020-09-11T13:06:34.211Z"}
{"message":"Cast to ObjectId failed for value \"1\" at path \"_id\" for model \"Genre\"","stack":"CastError: Cast to ObjectId failed for value \"1\" at path \"_id\" for model \"Genre\"\n    at model.Query.exec (C:\\Users\\OB1KENOBI\\vidly\\node_modules\\mongoose\\lib\\query.js:4368:21)\n    at model.Query.Object.<anonymous>.Query.then (C:\\Users\\OB1KENOBI\\vidly\\node_modules\\mongoose\\lib\\query.js:4460:15)\n    at process._tickCallback (internal/process/next_tick.js:189:7)","stringValue":"\"1\"","kind":"ObjectId","value":"1","path":"_id","reason":{},"level":"error","timestamp":"2020-09-11T13:06:34.523Z"}
{"level":"info","message":"Listening on port ...... 3000","timestamp":"2020-09-11T13:07:52.463Z"}
{"level":"info","message":"Connected to mongodb://localhost/vidly_tests","timestamp":"2020-09-11T13:07:52.524Z"}
{"message":"Cast to ObjectId failed for value \"1\" at path \"_id\" for model \"Genre\"","stack":"CastError: Cast to ObjectId failed for value \"1\" at path \"_id\" for model \"Genre\"\n    at model.Query.exec (C:\\Users\\OB1KENOBI\\vidly\\node_modules\\mongoose\\lib\\query.js:4368:21)\n    at model.Query.Object.<anonymous>.Query.then (C:\\Users\\OB1KENOBI\\vidly\\node_modules\\mongoose\\lib\\query.js:4460:15)\n    at process._tickCallback (internal/process/next_tick.js:189:7)","stringValue":"\"1\"","kind":"ObjectId","value":"1","path":"_id","reason":{},"level":"error","timestamp":"2020-09-11T13:07:52.680Z"}
{"level":"info","message":"Listening on port ...... 3000","timestamp":"2020-09-11T13:12:05.681Z"}
{"level":"info","message":"Connected to mongodb://localhost/vidly_tests","timestamp":"2020-09-11T13:12:05.790Z"}
{"message":"Cast to ObjectId failed for value \"1\" at path \"_id\" for model \"Genre\"","stack":"CastError: Cast to ObjectId failed for value \"1\" at path \"_id\" for model \"Genre\"\n    at model.Query.exec (C:\\Users\\OB1KENOBI\\vidly\\node_modules\\mongoose\\lib\\query.js:4368:21)\n    at model.Query.Object.<anonymous>.Query.then (C:\\Users\\OB1KENOBI\\vidly\\node_modules\\mongoose\\lib\\query.js:4460:15)\n    at process._tickCallback (internal/process/next_tick.js:189:7)","stringValue":"\"1\"","kind":"ObjectId","value":"1","path":"_id","reason":{},"level":"error","timestamp":"2020-09-11T13:12:06.046Z"}
{"level":"info","message":"Listening on port ...... 3000","timestamp":"2020-09-11T13:13:17.050Z"}
{"level":"info","message":"Connected to mongodb://localhost/vidly_tests","timestamp":"2020-09-11T13:13:17.159Z"}
{"message":"Cast to ObjectId failed for value \"1\" at path \"_id\" for model \"Genre\"","stack":"CastError: Cast to ObjectId failed for value \"1\" at path \"_id\" for model \"Genre\"\n    at model.Query.exec (C:\\Users\\OB1KENOBI\\vidly\\node_modules\\mongoose\\lib\\query.js:4368:21)\n    at model.Query.Object.<anonymous>.Query.then (C:\\Users\\OB1KENOBI\\vidly\\node_modules\\mongoose\\lib\\query.js:4460:15)\n    at process._tickCallback (internal/process/next_tick.js:189:7)","stringValue":"\"1\"","kind":"ObjectId","value":"1","path":"_id","reason":{},"level":"error","timestamp":"2020-09-11T13:13:17.369Z"}
{"message":"Genre validation failed: name: Path `name` (`gent`) is shorter than the minimum allowed length (5).","stack":"ValidationError: Genre validation failed: name: Path `name` (`gent`) is shorter than the minimum allowed length (5).\n    at model.Object.<anonymous>.Document.invalidate (C:\\Users\\OB1KENOBI\\vidly\\node_modules\\mongoose\\lib\\document.js:2595:32)\n    at C:\\Users\\OB1KENOBI\\vidly\\node_modules\\mongoose\\lib\\document.js:2415:17\n    at C:\\Users\\OB1KENOBI\\vidly\\node_modules\\mongoose\\lib\\schematype.js:1220:9\n    at _combinedTickCallback (internal/process/next_tick.js:132:7)\n    at process._tickCallback (internal/process/next_tick.js:181:9)","errors":{"name":{"name":"ValidatorError","message":"Path `name` (`gent`) is shorter than the minimum allowed length (5).","properties":{"message":"Path `name` (`gent`) is shorter than the minimum allowed length (5).","type":"minlength","minlength":5,"path":"name","value":"gent"},"kind":"minlength","path":"name","value":"gent"}},"_message":"Genre validation failed","level":"error","timestamp":"2020-09-11T13:13:17.489Z"}
{"level":"info","message":"Listening on port ...... 3000","timestamp":"2020-09-11T13:21:53.266Z"}
{"level":"info","message":"Connected to mongodb://localhost/vidly_tests","timestamp":"2020-09-11T13:21:53.320Z"}
{"message":"Cast to ObjectId failed for value \"1\" at path \"_id\" for model \"Genre\"","stack":"CastError: Cast to ObjectId failed for value \"1\" at path \"_id\" for model \"Genre\"\n    at model.Query.exec (C:\\Users\\OB1KENOBI\\vidly\\node_modules\\mongoose\\lib\\query.js:4368:21)\n    at model.Query.Object.<anonymous>.Query.then (C:\\Users\\OB1KENOBI\\vidly\\node_modules\\mongoose\\lib\\query.js:4460:15)\n    at process._tickCallback (internal/process/next_tick.js:189:7)","stringValue":"\"1\"","kind":"ObjectId","value":"1","path":"_id","reason":{},"level":"error","timestamp":"2020-09-11T13:21:53.442Z"}
{"level":"info","message":"Listening on port ...... 3000","timestamp":"2020-09-11T13:25:00.163Z"}
{"level":"info","message":"Connected to mongodb://localhost/vidly_tests","timestamp":"2020-09-11T13:25:00.416Z"}
{"message":"Cast to ObjectId failed for value \"1\" at path \"_id\" for model \"Genre\"","stack":"CastError: Cast to ObjectId failed for value \"1\" at path \"_id\" for model \"Genre\"\n    at model.Query.exec (C:\\Users\\OB1KENOBI\\vidly\\node_modules\\mongoose\\lib\\query.js:4368:21)\n    at model.Query.Object.<anonymous>.Query.then (C:\\Users\\OB1KENOBI\\vidly\\node_modules\\mongoose\\lib\\query.js:4460:15)\n    at process._tickCallback (internal/process/next_tick.js:189:7)","stringValue":"\"1\"","kind":"ObjectId","value":"1","path":"_id","reason":{},"level":"error","timestamp":"2020-09-11T13:25:00.537Z"}
{"level":"info","message":"Listening on port ...... 3000","timestamp":"2020-09-11T13:26:05.233Z"}
{"level":"info","message":"Connected to mongodb://localhost/vidly_tests","timestamp":"2020-09-11T13:26:05.286Z"}
{"message":"Cast to ObjectId failed for value \"1\" at path \"_id\" for model \"Genre\"","stack":"CastError: Cast to ObjectId failed for value \"1\" at path \"_id\" for model \"Genre\"\n    at model.Query.exec (C:\\Users\\OB1KENOBI\\vidly\\node_modules\\mongoose\\lib\\query.js:4368:21)\n    at model.Query.Object.<anonymous>.Query.then (C:\\Users\\OB1KENOBI\\vidly\\node_modules\\mongoose\\lib\\query.js:4460:15)\n    at process._tickCallback (internal/process/next_tick.js:189:7)","stringValue":"\"1\"","kind":"ObjectId","value":"1","path":"_id","reason":{},"level":"error","timestamp":"2020-09-11T13:26:05.407Z"}
{"level":"info","message":"Listening on port ...... 3000","timestamp":"2020-09-11T13:34:01.024Z"}
{"level":"info","message":"Connected to mongodb://localhost/vidly_tests","timestamp":"2020-09-11T13:34:01.104Z"}
{"message":"Cast to ObjectId failed for value \"1\" at path \"_id\" for model \"Genre\"","stack":"CastError: Cast to ObjectId failed for value \"1\" at path \"_id\" for model \"Genre\"\n    at model.Query.exec (C:\\Users\\OB1KENOBI\\vidly\\node_modules\\mongoose\\lib\\query.js:4368:21)\n    at model.Query.Object.<anonymous>.Query.then (C:\\Users\\OB1KENOBI\\vidly\\node_modules\\mongoose\\lib\\query.js:4460:15)\n    at process._tickCallback (internal/process/next_tick.js:189:7)","stringValue":"\"1\"","kind":"ObjectId","value":"1","path":"_id","reason":{},"level":"error","timestamp":"2020-09-11T13:34:01.346Z"}
{"level":"info","message":"Listening on port ...... 3000","timestamp":"2020-09-11T13:34:11.753Z"}
{"level":"info","message":"Connected to mongodb://localhost/vidly_tests","timestamp":"2020-09-11T13:34:11.783Z"}
{"message":"Cast to ObjectId failed for value \"1\" at path \"_id\" for model \"Genre\"","stack":"CastError: Cast to ObjectId failed for value \"1\" at path \"_id\" for model \"Genre\"\n    at model.Query.exec (C:\\Users\\OB1KENOBI\\vidly\\node_modules\\mongoose\\lib\\query.js:4368:21)\n    at model.Query.Object.<anonymous>.Query.then (C:\\Users\\OB1KENOBI\\vidly\\node_modules\\mongoose\\lib\\query.js:4460:15)\n    at process._tickCallback (internal/process/next_tick.js:189:7)","stringValue":"\"1\"","kind":"ObjectId","value":"1","path":"_id","reason":{},"level":"error","timestamp":"2020-09-11T13:34:11.876Z"}
{"message":"Genre validation failed: name: Path `name` (`aaaaaaaaaaaaaaaaaaaaaaaaaaaaaaaaaaaaaaaaaaaaaaaaaaa`) is longer than the maximum allowed length (50).","stack":"ValidationError: Genre validation failed: name: Path `name` (`aaaaaaaaaaaaaaaaaaaaaaaaaaaaaaaaaaaaaaaaaaaaaaaaaaa`) is longer than the maximum allowed length (50).\n    at model.Object.<anonymous>.Document.invalidate (C:\\Users\\OB1KENOBI\\vidly\\node_modules\\mongoose\\lib\\document.js:2595:32)\n    at C:\\Users\\OB1KENOBI\\vidly\\node_modules\\mongoose\\lib\\document.js:2415:17\n    at C:\\Users\\OB1KENOBI\\vidly\\node_modules\\mongoose\\lib\\schematype.js:1220:9\n    at _combinedTickCallback (internal/process/next_tick.js:132:7)\n    at process._tickCallback (internal/process/next_tick.js:181:9)","errors":{"name":{"name":"ValidatorError","message":"Path `name` (`aaaaaaaaaaaaaaaaaaaaaaaaaaaaaaaaaaaaaaaaaaaaaaaaaaa`) is longer than the maximum allowed length (50).","properties":{"message":"Path `name` (`aaaaaaaaaaaaaaaaaaaaaaaaaaaaaaaaaaaaaaaaaaaaaaaaaaa`) is longer than the maximum allowed length (50).","type":"maxlength","maxlength":50,"path":"name","value":"aaaaaaaaaaaaaaaaaaaaaaaaaaaaaaaaaaaaaaaaaaaaaaaaaaa"},"kind":"maxlength","path":"name","value":"aaaaaaaaaaaaaaaaaaaaaaaaaaaaaaaaaaaaaaaaaaaaaaaaaaa"}},"_message":"Genre validation failed","level":"error","timestamp":"2020-09-11T13:34:11.984Z"}
